Generated at 2019-06-12 12:09:27 +0530
Chef::Exceptions::EnclosingDirectoryDoesNotExist: file[D:\Intern\newfile.txt] (interns::file_recipe line 4) had an error: Chef::Exceptions::EnclosingDirectoryDoesNotExist: Parent directory D:\Intern does not exist.
C:/opscode/chefdk/embedded/lib/ruby/gems/2.5.0/gems/chef-14.8.12-universal-mingw32/lib/chef/mixin/why_run.rb:238:in `run'
C:/opscode/chefdk/embedded/lib/ruby/gems/2.5.0/gems/chef-14.8.12-universal-mingw32/lib/chef/mixin/why_run.rb:316:in `block in run'
C:/opscode/chefdk/embedded/lib/ruby/gems/2.5.0/gems/chef-14.8.12-universal-mingw32/lib/chef/mixin/why_run.rb:315:in `each'
C:/opscode/chefdk/embedded/lib/ruby/gems/2.5.0/gems/chef-14.8.12-universal-mingw32/lib/chef/mixin/why_run.rb:315:in `run'
C:/opscode/chefdk/embedded/lib/ruby/gems/2.5.0/gems/chef-14.8.12-universal-mingw32/lib/chef/provider.rb:192:in `process_resource_requirements'
C:/opscode/chefdk/embedded/lib/ruby/gems/2.5.0/gems/chef-14.8.12-universal-mingw32/lib/chef/provider.rb:170:in `run_action'
C:/opscode/chefdk/embedded/lib/ruby/gems/2.5.0/gems/chef-14.8.12-universal-mingw32/lib/chef/resource.rb:578:in `run_action'
C:/opscode/chefdk/embedded/lib/ruby/gems/2.5.0/gems/chef-14.8.12-universal-mingw32/lib/chef/runner.rb:70:in `run_action'
C:/opscode/chefdk/embedded/lib/ruby/gems/2.5.0/gems/chef-14.8.12-universal-mingw32/lib/chef/runner.rb:98:in `block (2 levels) in converge'
C:/opscode/chefdk/embedded/lib/ruby/gems/2.5.0/gems/chef-14.8.12-universal-mingw32/lib/chef/runner.rb:98:in `each'
C:/opscode/chefdk/embedded/lib/ruby/gems/2.5.0/gems/chef-14.8.12-universal-mingw32/lib/chef/runner.rb:98:in `block in converge'
C:/opscode/chefdk/embedded/lib/ruby/gems/2.5.0/gems/chef-14.8.12-universal-mingw32/lib/chef/resource_collection/resource_list.rb:94:in `block in execute_each_resource'
C:/opscode/chefdk/embedded/lib/ruby/gems/2.5.0/gems/chef-14.8.12-universal-mingw32/lib/chef/resource_collection/stepable_iterator.rb:114:in `call_iterator_block'
C:/opscode/chefdk/embedded/lib/ruby/gems/2.5.0/gems/chef-14.8.12-universal-mingw32/lib/chef/resource_collection/stepable_iterator.rb:85:in `step'
C:/opscode/chefdk/embedded/lib/ruby/gems/2.5.0/gems/chef-14.8.12-universal-mingw32/lib/chef/resource_collection/stepable_iterator.rb:103:in `iterate'
C:/opscode/chefdk/embedded/lib/ruby/gems/2.5.0/gems/chef-14.8.12-universal-mingw32/lib/chef/resource_collection/stepable_iterator.rb:55:in `each_with_index'
C:/opscode/chefdk/embedded/lib/ruby/gems/2.5.0/gems/chef-14.8.12-universal-mingw32/lib/chef/resource_collection/resource_list.rb:92:in `execute_each_resource'
C:/opscode/chefdk/embedded/lib/ruby/gems/2.5.0/gems/chef-14.8.12-universal-mingw32/lib/chef/runner.rb:97:in `converge'
C:/opscode/chefdk/embedded/lib/ruby/gems/2.5.0/gems/chef-14.8.12-universal-mingw32/lib/chef/client.rb:720:in `block in converge'
C:/opscode/chefdk/embedded/lib/ruby/gems/2.5.0/gems/chef-14.8.12-universal-mingw32/lib/chef/client.rb:715:in `catch'
C:/opscode/chefdk/embedded/lib/ruby/gems/2.5.0/gems/chef-14.8.12-universal-mingw32/lib/chef/client.rb:715:in `converge'
C:/opscode/chefdk/embedded/lib/ruby/gems/2.5.0/gems/chef-14.8.12-universal-mingw32/lib/chef/client.rb:754:in `converge_and_save'
C:/opscode/chefdk/embedded/lib/ruby/gems/2.5.0/gems/chef-14.8.12-universal-mingw32/lib/chef/client.rb:286:in `run'
C:/opscode/chefdk/embedded/lib/ruby/gems/2.5.0/gems/chef-14.8.12-universal-mingw32/lib/chef/application.rb:303:in `run_with_graceful_exit_option'
C:/opscode/chefdk/embedded/lib/ruby/gems/2.5.0/gems/chef-14.8.12-universal-mingw32/lib/chef/application.rb:279:in `block in run_chef_client'
C:/opscode/chefdk/embedded/lib/ruby/gems/2.5.0/gems/chef-14.8.12-universal-mingw32/lib/chef/local_mode.rb:44:in `with_server_connectivity'
C:/opscode/chefdk/embedded/lib/ruby/gems/2.5.0/gems/chef-14.8.12-universal-mingw32/lib/chef/application.rb:261:in `run_chef_client'
C:/opscode/chefdk/embedded/lib/ruby/gems/2.5.0/gems/chef-14.8.12-universal-mingw32/lib/chef/application/client.rb:440:in `run_application'
C:/opscode/chefdk/embedded/lib/ruby/gems/2.5.0/gems/chef-14.8.12-universal-mingw32/lib/chef/application.rb:66:in `run'
C:/opscode/chefdk/embedded/lib/ruby/gems/2.5.0/gems/chef-14.8.12-universal-mingw32/bin/chef-client:25:in `<top (required)>'
C:/opscode/chefdk/bin/chef-client:322:in `load'
C:/opscode/chefdk/bin/chef-client:322:in `<main>'

>>>> Caused by Chef::Exceptions::EnclosingDirectoryDoesNotExist: Parent directory D:\Intern does not exist.
C:/opscode/chefdk/embedded/lib/ruby/gems/2.5.0/gems/chef-14.8.12-universal-mingw32/lib/chef/mixin/why_run.rb:238:in `run'
C:/opscode/chefdk/embedded/lib/ruby/gems/2.5.0/gems/chef-14.8.12-universal-mingw32/lib/chef/mixin/why_run.rb:316:in `block in run'
C:/opscode/chefdk/embedded/lib/ruby/gems/2.5.0/gems/chef-14.8.12-universal-mingw32/lib/chef/mixin/why_run.rb:315:in `each'
C:/opscode/chefdk/embedded/lib/ruby/gems/2.5.0/gems/chef-14.8.12-universal-mingw32/lib/chef/mixin/why_run.rb:315:in `run'
C:/opscode/chefdk/embedded/lib/ruby/gems/2.5.0/gems/chef-14.8.12-universal-mingw32/lib/chef/provider.rb:192:in `process_resource_requirements'
C:/opscode/chefdk/embedded/lib/ruby/gems/2.5.0/gems/chef-14.8.12-universal-mingw32/lib/chef/provider.rb:170:in `run_action'
C:/opscode/chefdk/embedded/lib/ruby/gems/2.5.0/gems/chef-14.8.12-universal-mingw32/lib/chef/resource.rb:578:in `run_action'
C:/opscode/chefdk/embedded/lib/ruby/gems/2.5.0/gems/chef-14.8.12-universal-mingw32/lib/chef/runner.rb:70:in `run_action'
C:/opscode/chefdk/embedded/lib/ruby/gems/2.5.0/gems/chef-14.8.12-universal-mingw32/lib/chef/runner.rb:98:in `block (2 levels) in converge'
C:/opscode/chefdk/embedded/lib/ruby/gems/2.5.0/gems/chef-14.8.12-universal-mingw32/lib/chef/runner.rb:98:in `each'
C:/opscode/chefdk/embedded/lib/ruby/gems/2.5.0/gems/chef-14.8.12-universal-mingw32/lib/chef/runner.rb:98:in `block in converge'
C:/opscode/chefdk/embedded/lib/ruby/gems/2.5.0/gems/chef-14.8.12-universal-mingw32/lib/chef/resource_collection/resource_list.rb:94:in `block in execute_each_resource'
C:/opscode/chefdk/embedded/lib/ruby/gems/2.5.0/gems/chef-14.8.12-universal-mingw32/lib/chef/resource_collection/stepable_iterator.rb:114:in `call_iterator_block'
C:/opscode/chefdk/embedded/lib/ruby/gems/2.5.0/gems/chef-14.8.12-universal-mingw32/lib/chef/resource_collection/stepable_iterator.rb:85:in `step'
C:/opscode/chefdk/embedded/lib/ruby/gems/2.5.0/gems/chef-14.8.12-universal-mingw32/lib/chef/resource_collection/stepable_iterator.rb:103:in `iterate'
C:/opscode/chefdk/embedded/lib/ruby/gems/2.5.0/gems/chef-14.8.12-universal-mingw32/lib/chef/resource_collection/stepable_iterator.rb:55:in `each_with_index'
C:/opscode/chefdk/embedded/lib/ruby/gems/2.5.0/gems/chef-14.8.12-universal-mingw32/lib/chef/resource_collection/resource_list.rb:92:in `execute_each_resource'
C:/opscode/chefdk/embedded/lib/ruby/gems/2.5.0/gems/chef-14.8.12-universal-mingw32/lib/chef/runner.rb:97:in `converge'
C:/opscode/chefdk/embedded/lib/ruby/gems/2.5.0/gems/chef-14.8.12-universal-mingw32/lib/chef/client.rb:720:in `block in converge'
C:/opscode/chefdk/embedded/lib/ruby/gems/2.5.0/gems/chef-14.8.12-universal-mingw32/lib/chef/client.rb:715:in `catch'
C:/opscode/chefdk/embedded/lib/ruby/gems/2.5.0/gems/chef-14.8.12-universal-mingw32/lib/chef/client.rb:715:in `converge'
C:/opscode/chefdk/embedded/lib/ruby/gems/2.5.0/gems/chef-14.8.12-universal-mingw32/lib/chef/client.rb:754:in `converge_and_save'
C:/opscode/chefdk/embedded/lib/ruby/gems/2.5.0/gems/chef-14.8.12-universal-mingw32/lib/chef/client.rb:286:in `run'
C:/opscode/chefdk/embedded/lib/ruby/gems/2.5.0/gems/chef-14.8.12-universal-mingw32/lib/chef/application.rb:303:in `run_with_graceful_exit_option'
C:/opscode/chefdk/embedded/lib/ruby/gems/2.5.0/gems/chef-14.8.12-universal-mingw32/lib/chef/application.rb:279:in `block in run_chef_client'
C:/opscode/chefdk/embedded/lib/ruby/gems/2.5.0/gems/chef-14.8.12-universal-mingw32/lib/chef/local_mode.rb:44:in `with_server_connectivity'
C:/opscode/chefdk/embedded/lib/ruby/gems/2.5.0/gems/chef-14.8.12-universal-mingw32/lib/chef/application.rb:261:in `run_chef_client'
C:/opscode/chefdk/embedded/lib/ruby/gems/2.5.0/gems/chef-14.8.12-universal-mingw32/lib/chef/application/client.rb:440:in `run_application'
C:/opscode/chefdk/embedded/lib/ruby/gems/2.5.0/gems/chef-14.8.12-universal-mingw32/lib/chef/application.rb:66:in `run'
C:/opscode/chefdk/embedded/lib/ruby/gems/2.5.0/gems/chef-14.8.12-universal-mingw32/bin/chef-client:25:in `<top (required)>'
C:/opscode/chefdk/bin/chef-client:322:in `load'
C:/opscode/chefdk/bin/chef-client:322:in `<main>'